app/build/outputs/logs/manifest-merger-debug-report.txt
-- Merging decision tree log ---
manifest
ADDED from src/main/AndroidManifest.xml:14:1-541:12
	xmlns:android
		ADDED from src/main/AndroidManifest.xml:14:11-69
	package
		ADDED from src/main/AndroidManifest.xml:15:5-32
		INJECTED from src/main/AndroidManifest.xml
		INJECTED from src/main/AndroidManifest.xml
	android:versionName
		ADDED from src/main/AndroidManifest.xml:18:5-54
	android:versionCode
		ADDED from src/main/AndroidManifest.xml:17:5-29
		INJECTED from src/main/AndroidManifest.xml
		INJECTED from src/main/AndroidManifest.xml
	android:installLocation
		ADDED from src/main/AndroidManifest.xml:16:5-35
application
ADDED from src/main/AndroidManifest.xml:20:5-488:19
MERGED from [com.android.support:appcompat-v7:20.0.0] AndroidManifest.xml:17:5-19
MERGED from [com.android.support:support-v4:21.0.0] AndroidManifest.xml:16:5-19
MERGED from [blinder:library:unspecified] AndroidManifest.xml:11:5-14:19
MERGED from [com.android.support:support-v4:21.0.0] AndroidManifest.xml:16:5-19
MERGED from [com.google.android.gms:play-services:6.5.87] AndroidManifest.xml:20:5-24:19
MERGED from [com.android.support:support-v4:21.0.0] AndroidManifest.xml:16:5-19
MERGED from [com.google.android.gms:play-services:6.5.87] AndroidManifest.xml:20:5-24:19
MERGED from [com.android.support:support-v4:21.0.0] AndroidManifest.xml:16:5-19
MERGED from [com.facebook.android:facebook:3.21.1] AndroidManifest.xml:24:5-20
MERGED from [com.android.support:support-v4:21.0.0] AndroidManifest.xml:16:5-19
	android:allowBackup
		ADDED from [blinder:library:unspecified] AndroidManifest.xml:12:9-35
	android:label
		ADDED from src/main/AndroidManifest.xml:24:9-41
	android:debuggable
		ADDED from src/main/AndroidManifest.xml:22:9-34
	android:icon
		ADDED from src/main/AndroidManifest.xml:23:9-45
	android:name
		ADDED from src/main/AndroidManifest.xml:21:9-59
service#com.xabber.android.ui.register.FileUpload
ADDED from src/main/AndroidManifest.xml:25:9-77
	android:name
		ADDED from src/main/AndroidManifest.xml:25:18-74
service#com.xabber.android.ui.register.settings.GroupImageUpload
ADDED from src/main/AndroidManifest.xml:26:9-92
	android:name
		ADDED from src/main/AndroidManifest.xml:26:18-89
receiver#com.xabber.android.ui.register.DownlaodReceiver
ADDED from src/main/AndroidManifest.xml:28:9-35:20
	android:exported
		ADDED from src/main/AndroidManifest.xml:30:13-36
	android:name
		ADDED from src/main/AndroidManifest.xml:29:13-75
intent-filter#android.intent.action.DOWNLOAD_COMPLETE
ADDED from src/main/AndroidManifest.xml:32:13-34:29
action#android.intent.action.DOWNLOAD_COMPLETE
ADDED from src/main/AndroidManifest.xml:33:17-82
	android:name
		ADDED from src/main/AndroidManifest.xml:33:25-79
service#com.xabber.android.ui.register.record.VoiceRecordSaveDataService
ADDED from src/main/AndroidManifest.xml:36:9-100
	android:name
		ADDED from src/main/AndroidManifest.xml:36:18-97
activity#com.xabber.android.ui.register.group.GroupInfoScreen
ADDED from src/main/AndroidManifest.xml:39:9-43:74
	android:windowSoftInputMode
		ADDED from src/main/AndroidManifest.xml:42:13-64
	android:screenOrientation
		ADDED from src/main/AndroidManifest.xml:41:13-49
	android:theme
		ADDED from src/main/AndroidManifest.xml:43:13-71
	android:name
		ADDED from src/main/AndroidManifest.xml:40:13-80
activity#com.xabber.android.ui.register.InviteUser
ADDED from src/main/AndroidManifest.xml:49:9-52:74
	android:screenOrientation
		ADDED from src/main/AndroidManifest.xml:51:13-49
	android:theme
		ADDED from src/main/AndroidManifest.xml:52:13-71
	android:name
		ADDED from src/main/AndroidManifest.xml:50:13-69
activity#com.xabber.android.ui.register.RegistarionPhonenumberVerification
ADDED from src/main/AndroidManifest.xml:53:9-59:20
	android:windowSoftInputMode
		ADDED from src/main/AndroidManifest.xml:57:13-64
	android:screenOrientation
		ADDED from src/main/AndroidManifest.xml:55:13-49
	android:theme
		ADDED from src/main/AndroidManifest.xml:56:13-71
	android:name
		ADDED from src/main/AndroidManifest.xml:54:13-93
activity#com.xabber.android.ui.register.SettingsActivity
ADDED from src/main/AndroidManifest.xml:60:9-66:20
	android:windowSoftInputMode
		ADDED from src/main/AndroidManifest.xml:64:13-67
	android:screenOrientation
		ADDED from src/main/AndroidManifest.xml:62:13-49
	android:theme
		ADDED from src/main/AndroidManifest.xml:63:13-71
	android:name
		ADDED from src/main/AndroidManifest.xml:61:13-75
activity#com.xabber.android.ui.register.AccountActivity
ADDED from src/main/AndroidManifest.xml:68:9-74:20
	android:windowSoftInputMode
		ADDED from src/main/AndroidManifest.xml:72:13-67
	android:screenOrientation
		ADDED from src/main/AndroidManifest.xml:70:13-49
	android:theme
		ADDED from src/main/AndroidManifest.xml:71:13-71
	android:name
		ADDED from src/main/AndroidManifest.xml:69:13-74
activity#com.xabber.android.ui.register.HelpActivity
ADDED from src/main/AndroidManifest.xml:76:9-82:20
	android:windowSoftInputMode
		ADDED from src/main/AndroidManifest.xml:80:13-67
	android:screenOrientation
		ADDED from src/main/AndroidManifest.xml:78:13-49
	android:theme
		ADDED from src/main/AndroidManifest.xml:79:13-71
	android:name
		ADDED from src/main/AndroidManifest.xml:77:13-71
activity#com.xabber.android.ui.register.NotificationsActivity
ADDED from src/main/AndroidManifest.xml:84:9-90:20
	android:windowSoftInputMode
		ADDED from src/main/AndroidManifest.xml:88:13-67
	android:screenOrientation
		ADDED from src/main/AndroidManifest.xml:86:13-49
	android:theme
		ADDED from src/main/AndroidManifest.xml:87:13-71
	android:name
		ADDED from src/main/AndroidManifest.xml:85:13-80
activity#com.xabber.android.ui.register.ProfileActivity
ADDED from src/main/AndroidManifest.xml:93:9-99:20
	android:windowSoftInputMode
		ADDED from src/main/AndroidManifest.xml:97:13-67
	android:screenOrientation
		ADDED from src/main/AndroidManifest.xml:95:13-49
	android:theme
		ADDED from src/main/AndroidManifest.xml:96:13-71
	android:name
		ADDED from src/main/AndroidManifest.xml:94:13-74
activity#com.xabber.android.ui.register.ContactInfo
ADDED from src/main/AndroidManifest.xml:101:9-107:20
	android:windowSoftInputMode
		ADDED from src/main/AndroidManifest.xml:105:13-67
	android:screenOrientation
		ADDED from src/main/AndroidManifest.xml:103:13-49
	android:theme
		ADDED from src/main/AndroidManifest.xml:104:13-71
	android:name
		ADDED from src/main/AndroidManifest.xml:102:13-70
activity#com.xabber.android.ui.register.ImageViewActivity
ADDED from src/main/AndroidManifest.xml:108:9-110:74
	android:theme
		ADDED from src/main/AndroidManifest.xml:110:13-71
	android:name
		ADDED from src/main/AndroidManifest.xml:109:13-76
activity#com.xabber.android.ui.register.group.CreateNewGroup
ADDED from src/main/AndroidManifest.xml:111:9-115:74
	android:screenOrientation
		ADDED from src/main/AndroidManifest.xml:113:13-49
	android:theme
		ADDED from src/main/AndroidManifest.xml:115:13-71
	android:name
		ADDED from src/main/AndroidManifest.xml:112:13-79
activity#com.xabber.android.ui.register.group.NewGroupAddParticipants
ADDED from src/main/AndroidManifest.xml:116:9-120:74
	android:screenOrientation
		ADDED from src/main/AndroidManifest.xml:119:13-49
	android:label
		ADDED from src/main/AndroidManifest.xml:118:13-41
	android:theme
		ADDED from src/main/AndroidManifest.xml:120:13-71
	android:name
		ADDED from src/main/AndroidManifest.xml:117:13-88
activity#com.xabber.android.ui.register.group.NewGroupParticipantsList
ADDED from src/main/AndroidManifest.xml:121:9-125:74
	android:screenOrientation
		ADDED from src/main/AndroidManifest.xml:124:13-49
	android:label
		ADDED from src/main/AndroidManifest.xml:123:13-43
	android:theme
		ADDED from src/main/AndroidManifest.xml:125:13-71
	android:name
		ADDED from src/main/AndroidManifest.xml:122:13-89
activity#com.xabber.android.ui.register.RegistrationProfile
ADDED from src/main/AndroidManifest.xml:126:9-130:67
	android:windowSoftInputMode
		ADDED from src/main/AndroidManifest.xml:130:13-64
	android:screenOrientation
		ADDED from src/main/AndroidManifest.xml:128:13-49
	android:theme
		ADDED from src/main/AndroidManifest.xml:129:13-71
	android:name
		ADDED from src/main/AndroidManifest.xml:127:13-78
activity#com.xabber.android.ui.register.RegistrationVerificationCode
ADDED from src/main/AndroidManifest.xml:132:9-136:67
	android:windowSoftInputMode
		ADDED from src/main/AndroidManifest.xml:136:13-64
	android:screenOrientation
		ADDED from src/main/AndroidManifest.xml:134:13-49
	android:theme
		ADDED from src/main/AndroidManifest.xml:135:13-71
	android:name
		ADDED from src/main/AndroidManifest.xml:133:13-87
activity#com.xabber.android.ui.register.FreeCell
ADDED from src/main/AndroidManifest.xml:139:9-144:20
	android:screenOrientation
		ADDED from src/main/AndroidManifest.xml:141:13-49
	android:theme
		ADDED from src/main/AndroidManifest.xml:142:13-71
	android:name
		ADDED from src/main/AndroidManifest.xml:140:13-67
activity#com.xabber.android.ui.register.newlistofusers.ActiveChatsUserDetails
ADDED from src/main/AndroidManifest.xml:146:9-185:20
	android:label
		ADDED from src/main/AndroidManifest.xml:148:13-53
	android:configChanges
		ADDED from src/main/AndroidManifest.xml:150:13-59
	android:theme
		ADDED from src/main/AndroidManifest.xml:151:13-48
	android:name
		ADDED from src/main/AndroidManifest.xml:147:13-96
	android:launchMode
		ADDED from src/main/AndroidManifest.xml:149:13-43
intent-filter#android.intent.action.VIEW+android.intent.category.BROWSABLE+android.intent.category.DEFAULT
ADDED from src/main/AndroidManifest.xml:154:13-161:29
action#android.intent.action.VIEW
ADDED from src/main/AndroidManifest.xml:155:17-69
	android:name
		ADDED from src/main/AndroidManifest.xml:155:25-66
category#android.intent.category.DEFAULT
ADDED from src/main/AndroidManifest.xml:157:17-76
	android:name
		ADDED from src/main/AndroidManifest.xml:157:27-73
category#android.intent.category.BROWSABLE
ADDED from src/main/AndroidManifest.xml:158:17-78
	android:name
		ADDED from src/main/AndroidManifest.xml:158:27-75
data
ADDED from src/main/AndroidManifest.xml:160:17-47
	android:scheme
		ADDED from src/main/AndroidManifest.xml:160:23-44
intent-filter#android.intent.action.SEND+android.intent.category.DEFAULT
ADDED from src/main/AndroidManifest.xml:162:13-166:29
action#android.intent.action.SEND
ADDED from src/main/AndroidManifest.xml:163:17-69
	android:name
		ADDED from src/main/AndroidManifest.xml:163:25-66
intent-filter#android.intent.action.SENDTO+android.intent.category.DEFAULT
ADDED from src/main/AndroidManifest.xml:167:13-173:29
action#android.intent.action.SENDTO
ADDED from src/main/AndroidManifest.xml:168:17-71
	android:name
		ADDED from src/main/AndroidManifest.xml:168:25-68
intent-filter#android.intent.action.CREATE_SHORTCUT+android.intent.category.DEFAULT
ADDED from src/main/AndroidManifest.xml:181:13-184:29
action#android.intent.action.CREATE_SHORTCUT
ADDED from src/main/AndroidManifest.xml:182:17-80
	android:name
		ADDED from src/main/AndroidManifest.xml:182:25-77
activity#com.xabber.android.ui.ActiveUsersInFreecell
ADDED from src/main/AndroidManifest.xml:186:9-219:20
	android:theme
		ADDED from src/main/AndroidManifest.xml:189:13-48
	android:name
		ADDED from src/main/AndroidManifest.xml:187:13-71
	android:launchMode
		ADDED from src/main/AndroidManifest.xml:188:13-43
activity#com.xabber.android.ui.LoadActivity
ADDED from src/main/AndroidManifest.xml:220:9-223:79
	android:screenOrientation
		ADDED from src/main/AndroidManifest.xml:222:13-49
	android:theme
		ADDED from src/main/AndroidManifest.xml:223:13-76
	android:name
		ADDED from src/main/AndroidManifest.xml:221:13-62
activity#com.xabber.android.ui.AboutViewer
ADDED from src/main/AndroidManifest.xml:224:9-227:79
	android:label
		ADDED from src/main/AndroidManifest.xml:226:13-49
	android:theme
		ADDED from src/main/AndroidManifest.xml:227:13-76
	android:name
		ADDED from src/main/AndroidManifest.xml:225:13-61
activity#com.xabber.android.ui.AccountList
ADDED from src/main/AndroidManifest.xml:228:9-231:79
	android:label
		ADDED from src/main/AndroidManifest.xml:230:13-56
	android:theme
		ADDED from src/main/AndroidManifest.xml:231:13-76
	android:name
		ADDED from src/main/AndroidManifest.xml:229:13-61
activity#com.xabber.android.ui.AccountEditor
ADDED from src/main/AndroidManifest.xml:232:9-235:79
	android:label
		ADDED from src/main/AndroidManifest.xml:234:13-51
	android:theme
		ADDED from src/main/AndroidManifest.xml:235:13-76
	android:name
		ADDED from src/main/AndroidManifest.xml:233:13-63
activity#com.xabber.android.ui.ChatList
ADDED from src/main/AndroidManifest.xml:236:9-239:81
	android:label
		ADDED from src/main/AndroidManifest.xml:238:13-46
	android:theme
		ADDED from src/main/AndroidManifest.xml:239:13-78
	android:name
		ADDED from src/main/AndroidManifest.xml:237:13-58
activity#com.xabber.android.ui.OccupantList
ADDED from src/main/AndroidManifest.xml:240:9-243:59
	android:label
		ADDED from src/main/AndroidManifest.xml:242:13-50
	android:theme
		ADDED from src/main/AndroidManifest.xml:243:13-56
	android:name
		ADDED from src/main/AndroidManifest.xml:241:13-62
activity#com.xabber.android.ui.ChatViewer
ADDED from src/main/AndroidManifest.xml:244:9-254:20
	android:windowSoftInputMode
		ADDED from src/main/AndroidManifest.xml:250:13-67
	android:screenOrientation
		ADDED from src/main/AndroidManifest.xml:247:5-41
	android:label
		ADDED from src/main/AndroidManifest.xml:246:13-48
	android:theme
		ADDED from src/main/AndroidManifest.xml:248:13-76
	android:name
		ADDED from src/main/AndroidManifest.xml:245:13-60
intent-filter#android.intent.action.MAIN
ADDED from src/main/AndroidManifest.xml:251:13-253:29
action#android.intent.action.MAIN
ADDED from src/main/AndroidManifest.xml:252:17-69
	android:name
		ADDED from src/main/AndroidManifest.xml:252:25-66
activity#com.xabber.android.ui.ContactEditor
ADDED from src/main/AndroidManifest.xml:255:9-258:81
	android:label
		ADDED from src/main/AndroidManifest.xml:257:13-51
	android:theme
		ADDED from src/main/AndroidManifest.xml:258:13-78
	android:name
		ADDED from src/main/AndroidManifest.xml:256:13-63
activity#com.xabber.android.ui.ContactAdd
ADDED from src/main/AndroidManifest.xml:259:9-262:81
	android:label
		ADDED from src/main/AndroidManifest.xml:261:13-48
	android:theme
		ADDED from src/main/AndroidManifest.xml:262:13-78
	android:name
		ADDED from src/main/AndroidManifest.xml:260:13-60
activity#com.xabber.android.ui.AccountAdd
ADDED from src/main/AndroidManifest.xml:263:9-266:81
	android:label
		ADDED from src/main/AndroidManifest.xml:265:13-48
	android:theme
		ADDED from src/main/AndroidManifest.xml:266:13-78
	android:name
		ADDED from src/main/AndroidManifest.xml:264:13-60
activity#com.xabber.android.ui.OAuthActivity
ADDED from src/main/AndroidManifest.xml:267:9-270:81
	android:label
		ADDED from src/main/AndroidManifest.xml:269:13-50
	android:theme
		ADDED from src/main/AndroidManifest.xml:270:13-78
	android:name
		ADDED from src/main/AndroidManifest.xml:268:13-63
activity#com.xabber.android.ui.MUCEditor
ADDED from src/main/AndroidManifest.xml:271:9-274:81
	android:label
		ADDED from src/main/AndroidManifest.xml:273:13-44
	android:theme
		ADDED from src/main/AndroidManifest.xml:274:13-78
	android:name
		ADDED from src/main/AndroidManifest.xml:272:13-59
activity#com.xabber.android.ui.StatusEditor
ADDED from src/main/AndroidManifest.xml:275:9-279:79
	android:screenOrientation
		ADDED from src/main/AndroidManifest.xml:278:13-49
	android:label
		ADDED from src/main/AndroidManifest.xml:277:13-50
	android:theme
		ADDED from src/main/AndroidManifest.xml:279:13-76
	android:name
		ADDED from src/main/AndroidManifest.xml:276:13-62
activity#com.xabber.android.ui.PreferenceEditor
ADDED from src/main/AndroidManifest.xml:280:9-283:81
	android:label
		ADDED from src/main/AndroidManifest.xml:282:13-54
	android:theme
		ADDED from src/main/AndroidManifest.xml:283:13-78
	android:name
		ADDED from src/main/AndroidManifest.xml:281:13-66
activity#com.xabber.android.ui.ChatEditor
ADDED from src/main/AndroidManifest.xml:284:9-287:81
	android:label
		ADDED from src/main/AndroidManifest.xml:286:13-50
	android:theme
		ADDED from src/main/AndroidManifest.xml:287:13-78
	android:name
		ADDED from src/main/AndroidManifest.xml:285:13-60
activity#com.xabber.android.ui.ContactViewer
ADDED from src/main/AndroidManifest.xml:288:9-301:20
	android:label
		ADDED from src/main/AndroidManifest.xml:291:13-51
	android:icon
		ADDED from src/main/AndroidManifest.xml:290:13-52
	android:theme
		ADDED from src/main/AndroidManifest.xml:292:13-78
	android:name
		ADDED from src/main/AndroidManifest.xml:289:13-63
intent-filter#android.intent.action.VIEW+android.intent.category.DEFAULT
ADDED from src/main/AndroidManifest.xml:293:13-300:29
activity#com.xabber.android.ui.FingerprintViewer
ADDED from src/main/AndroidManifest.xml:302:9-305:81
	android:label
		ADDED from src/main/AndroidManifest.xml:304:13-59
	android:theme
		ADDED from src/main/AndroidManifest.xml:305:13-78
	android:name
		ADDED from src/main/AndroidManifest.xml:303:13-67
activity#com.xabber.android.ui.QuestionViewer
ADDED from src/main/AndroidManifest.xml:306:9-309:81
	android:label
		ADDED from src/main/AndroidManifest.xml:308:13-59
	android:theme
		ADDED from src/main/AndroidManifest.xml:309:13-78
	android:name
		ADDED from src/main/AndroidManifest.xml:307:13-64
activity#com.xabber.android.ui.OpenSourceViewer
ADDED from src/main/AndroidManifest.xml:310:9-312:81
	android:theme
		ADDED from src/main/AndroidManifest.xml:312:13-78
	android:name
		ADDED from src/main/AndroidManifest.xml:311:13-66
activity#com.xabber.android.ui.CertificateConfirmation
ADDED from src/main/AndroidManifest.xml:313:9-82
	android:name
		ADDED from src/main/AndroidManifest.xml:313:19-79
activity#com.xabber.android.ui.PasswordRequest
ADDED from src/main/AndroidManifest.xml:314:9-74
	android:name
		ADDED from src/main/AndroidManifest.xml:314:19-71
activity#com.xabber.android.ui.ArchiveRequest
ADDED from src/main/AndroidManifest.xml:315:9-73
	android:name
		ADDED from src/main/AndroidManifest.xml:315:19-70
activity#com.xabber.android.ui.PhraseList
ADDED from src/main/AndroidManifest.xml:316:9-319:81
	android:label
		ADDED from src/main/AndroidManifest.xml:318:13-57
	android:theme
		ADDED from src/main/AndroidManifest.xml:319:13-78
	android:name
		ADDED from src/main/AndroidManifest.xml:317:13-60
activity#com.xabber.android.ui.PhraseEditor
ADDED from src/main/AndroidManifest.xml:320:9-322:81
	android:theme
		ADDED from src/main/AndroidManifest.xml:322:13-78
	android:name
		ADDED from src/main/AndroidManifest.xml:321:13-62
activity#com.xabber.android.ui.ReconnectionActivity
ADDED from src/main/AndroidManifest.xml:323:9-79
	android:name
		ADDED from src/main/AndroidManifest.xml:323:19-76
activity#com.xabber.android.ui.ClearNotifications
ADDED from src/main/AndroidManifest.xml:324:9-332:62
	android:noHistory
		ADDED from src/main/AndroidManifest.xml:329:13-37
	android:label
		ADDED from src/main/AndroidManifest.xml:327:13-47
	android:theme
		ADDED from src/main/AndroidManifest.xml:332:13-59
	android:stateNotNeeded
		ADDED from src/main/AndroidManifest.xml:330:13-42
	android:excludeFromRecents
		ADDED from src/main/AndroidManifest.xml:326:13-46
	android:taskAffinity
		ADDED from src/main/AndroidManifest.xml:331:13-36
	android:name
		ADDED from src/main/AndroidManifest.xml:325:13-68
	android:launchMode
		ADDED from src/main/AndroidManifest.xml:328:13-48
service#com.xabber.android.ui.register.SendAllNumbersFromDtabase
ADDED from src/main/AndroidManifest.xml:334:9-92
	android:name
		ADDED from src/main/AndroidManifest.xml:334:18-89
service#com.xabber.android.ui.register.ContactService
ADDED from src/main/AndroidManifest.xml:336:9-81
	android:name
		ADDED from src/main/AndroidManifest.xml:336:18-78
service#com.xabber.android.service.XabberService
ADDED from src/main/AndroidManifest.xml:337:9-76
	android:name
		ADDED from src/main/AndroidManifest.xml:337:18-73
service#com.xabber.android.service.SyncAdapterService
ADDED from src/main/AndroidManifest.xml:338:9-351:19
	android:exported
		ADDED from src/main/AndroidManifest.xml:340:13-36
	android:name
		ADDED from src/main/AndroidManifest.xml:339:13-73
intent-filter#android.content.SyncAdapter
ADDED from src/main/AndroidManifest.xml:341:13-343:29
action#android.content.SyncAdapter
ADDED from src/main/AndroidManifest.xml:342:17-70
	android:name
		ADDED from src/main/AndroidManifest.xml:342:25-67
meta-data#android.content.SyncAdapter
ADDED from src/main/AndroidManifest.xml:345:13-347:55
	android:resource
		ADDED from src/main/AndroidManifest.xml:347:17-52
	android:name
		ADDED from src/main/AndroidManifest.xml:346:17-59
meta-data#android.provider.CONTACTS_STRUCTURE
ADDED from src/main/AndroidManifest.xml:348:13-350:62
	android:resource
		ADDED from src/main/AndroidManifest.xml:350:17-59
	android:name
		ADDED from src/main/AndroidManifest.xml:349:17-67
service#com.xabber.android.service.AccountAuthenticatorService
ADDED from src/main/AndroidManifest.xml:352:9-361:19
	android:exported
		ADDED from src/main/AndroidManifest.xml:354:13-36
	android:name
		ADDED from src/main/AndroidManifest.xml:353:13-82
intent-filter#android.accounts.AccountAuthenticator
ADDED from src/main/AndroidManifest.xml:355:13-357:29
action#android.accounts.AccountAuthenticator
ADDED from src/main/AndroidManifest.xml:356:17-80
	android:name
		ADDED from src/main/AndroidManifest.xml:356:25-77
meta-data#android.accounts.AccountAuthenticator
ADDED from src/main/AndroidManifest.xml:358:13-360:57
	android:resource
		ADDED from src/main/AndroidManifest.xml:360:17-54
	android:name
		ADDED from src/main/AndroidManifest.xml:359:17-69
receiver#com.xabber.android.receiver.BootReceiver
ADDED from src/main/AndroidManifest.xml:363:9-367:20
	android:name
		ADDED from src/main/AndroidManifest.xml:363:19-74
intent-filter#android.intent.action.BOOT_COMPLETED
ADDED from src/main/AndroidManifest.xml:364:13-366:29
action#android.intent.action.BOOT_COMPLETED
ADDED from src/main/AndroidManifest.xml:365:17-79
	android:name
		ADDED from src/main/AndroidManifest.xml:365:25-76
receiver#com.xabber.android.receiver.GoAwayReceiver
ADDED from src/main/AndroidManifest.xml:368:9-79
	android:name
		ADDED from src/main/AndroidManifest.xml:368:19-76
receiver#com.xabber.android.receiver.GoXaReceiver
ADDED from src/main/AndroidManifest.xml:369:9-77
	android:name
		ADDED from src/main/AndroidManifest.xml:369:19-74
receiver#com.xabber.android.receiver.ComposingPausedReceiver
ADDED from src/main/AndroidManifest.xml:370:9-88
	android:name
		ADDED from src/main/AndroidManifest.xml:370:19-85
receiver#com.xabber.android.pushnotification.GCMCallbackReceiver
ADDED from src/main/AndroidManifest.xml:372:9-381:20
	android:permission
		ADDED from src/main/AndroidManifest.xml:374:13-73
	android:name
		ADDED from src/main/AndroidManifest.xml:373:13-83
intent-filter#com.google.android.c2dm.intent.RECEIVE+com.google.android.c2dm.intent.REGISTRATION+com.xabber.androiddev
ADDED from src/main/AndroidManifest.xml:375:13-380:29
action#com.google.android.c2dm.intent.RECEIVE
ADDED from src/main/AndroidManifest.xml:376:17-81
	android:name
		ADDED from src/main/AndroidManifest.xml:376:25-78
action#com.google.android.c2dm.intent.REGISTRATION
ADDED from src/main/AndroidManifest.xml:377:17-86
	android:name
		ADDED from src/main/AndroidManifest.xml:377:25-83
category#com.xabber.androiddev
ADDED from src/main/AndroidManifest.xml:379:17-66
	android:name
		ADDED from src/main/AndroidManifest.xml:379:27-63
service#com.xabber.android.pushnotification.GCMCallbackService
ADDED from src/main/AndroidManifest.xml:383:9-90
	android:name
		ADDED from src/main/AndroidManifest.xml:383:18-87
service#com.xabber.android.pushnotification.GcmRegisterService
ADDED from src/main/AndroidManifest.xml:384:9-90
	android:name
		ADDED from src/main/AndroidManifest.xml:384:18-87
service#com.xabber.android.pushnotification.NotificationIntentService
ADDED from src/main/AndroidManifest.xml:385:9-386:19
	android:name
		ADDED from src/main/AndroidManifest.xml:385:18-94
activity#com.enuke.blinder.activity.SplashScreen
ADDED from src/main/AndroidManifest.xml:390:9-401:20
	android:screenOrientation
		ADDED from src/main/AndroidManifest.xml:393:13-49
	android:label
		ADDED from src/main/AndroidManifest.xml:392:13-45
	android:theme
		ADDED from src/main/AndroidManifest.xml:394:13-56
	android:name
		ADDED from src/main/AndroidManifest.xml:391:13-67
intent-filter#android.intent.action.MAIN+android.intent.category.LAUNCHER
ADDED from src/main/AndroidManifest.xml:396:13-399:29
category#android.intent.category.LAUNCHER
ADDED from src/main/AndroidManifest.xml:398:17-77
	android:name
		ADDED from src/main/AndroidManifest.xml:398:27-74
activity#com.enuke.blinder.activity.HomeActivity
ADDED from src/main/AndroidManifest.xml:403:9-407:59
	android:windowSoftInputMode
		ADDED from src/main/AndroidManifest.xml:406:13-52
	android:screenOrientation
		ADDED from src/main/AndroidManifest.xml:405:13-49
	android:theme
		ADDED from src/main/AndroidManifest.xml:407:13-56
	android:name
		ADDED from src/main/AndroidManifest.xml:404:13-67
activity#com.enuke.blinder.activity.LoginActivity
ADDED from src/main/AndroidManifest.xml:409:9-412:59
	android:screenOrientation
		ADDED from src/main/AndroidManifest.xml:411:13-49
	android:theme
		ADDED from src/main/AndroidManifest.xml:412:13-56
	android:name
		ADDED from src/main/AndroidManifest.xml:410:13-68
activity#com.enuke.blinder.activity.NavigationActivity
ADDED from src/main/AndroidManifest.xml:414:9-417:59
	android:windowSoftInputMode
		ADDED from src/main/AndroidManifest.xml:415:13-52
	android:screenOrientation
		ADDED from src/main/AndroidManifest.xml:416:13-49
	android:theme
		ADDED from src/main/AndroidManifest.xml:417:13-56
	android:name
		ADDED from src/main/AndroidManifest.xml:414:19-79
activity#com.enuke.blinder.activity.ViewProfileActivity
ADDED from src/main/AndroidManifest.xml:419:9-422:59
	android:screenOrientation
		ADDED from src/main/AndroidManifest.xml:421:13-49
	android:theme
		ADDED from src/main/AndroidManifest.xml:422:13-56
	android:name
		ADDED from src/main/AndroidManifest.xml:420:13-74
activity#com.enuke.blinder.activity.FullProfileActivity
ADDED from src/main/AndroidManifest.xml:424:9-427:59
	android:screenOrientation
		ADDED from src/main/AndroidManifest.xml:426:13-49
	android:theme
		ADDED from src/main/AndroidManifest.xml:427:13-56
	android:name
		ADDED from src/main/AndroidManifest.xml:425:13-74
activity#com.enuke.blinder.activity.TodayMatchesActivity
ADDED from src/main/AndroidManifest.xml:429:9-432:59
	android:screenOrientation
		ADDED from src/main/AndroidManifest.xml:431:13-49
	android:theme
		ADDED from src/main/AndroidManifest.xml:432:13-56
	android:name
		ADDED from src/main/AndroidManifest.xml:430:13-75
activity#com.enuke.blinder.activity.ViewedMatchesActivity
ADDED from src/main/AndroidManifest.xml:434:9-437:59
	android:screenOrientation
		ADDED from src/main/AndroidManifest.xml:436:13-49
	android:theme
		ADDED from src/main/AndroidManifest.xml:437:13-56
	android:name
		ADDED from src/main/AndroidManifest.xml:435:13-76
activity#com.enuke.blinder.activity.DialogActivity
ADDED from src/main/AndroidManifest.xml:439:9-442:54
	android:screenOrientation
		ADDED from src/main/AndroidManifest.xml:441:13-49
	android:theme
		ADDED from src/main/AndroidManifest.xml:442:13-51
	android:name
		ADDED from src/main/AndroidManifest.xml:440:13-69
activity#com.enuke.blinder.activity.RecordPlayDialogActivity
ADDED from src/main/AndroidManifest.xml:444:9-447:54
	android:screenOrientation
		ADDED from src/main/AndroidManifest.xml:446:13-49
	android:theme
		ADDED from src/main/AndroidManifest.xml:447:13-51
	android:name
		ADDED from src/main/AndroidManifest.xml:445:13-79
activity#com.enuke.blinder.activity.TextDialogActivity
ADDED from src/main/AndroidManifest.xml:449:9-452:54
	android:screenOrientation
		ADDED from src/main/AndroidManifest.xml:451:13-49
	android:theme
		ADDED from src/main/AndroidManifest.xml:452:13-51
	android:name
		ADDED from src/main/AndroidManifest.xml:450:13-73
activity#com.enuke.blinder.activity.DemoActivity
ADDED from src/main/AndroidManifest.xml:454:9-457:54
	android:screenOrientation
		ADDED from src/main/AndroidManifest.xml:456:13-49
	android:theme
		ADDED from src/main/AndroidManifest.xml:457:13-51
	android:name
		ADDED from src/main/AndroidManifest.xml:455:13-67
receiver#com.enuke.blinder.server.CheckInternetConnectivity
ADDED from src/main/AndroidManifest.xml:459:9-463:20
	android:name
		ADDED from src/main/AndroidManifest.xml:459:19-84
intent-filter#android.net.conn.CONNECTIVITY_CHANGE
ADDED from src/main/AndroidManifest.xml:460:13-462:29
action#android.net.conn.CONNECTIVITY_CHANGE
ADDED from src/main/AndroidManifest.xml:461:17-79
	android:name
		ADDED from src/main/AndroidManifest.xml:461:25-76
service#com.enuke.blinder.Utils.DownloadFromServer
ADDED from src/main/AndroidManifest.xml:465:9-77
	android:name
		ADDED from src/main/AndroidManifest.xml:465:18-75
service#com.enuke.blinder.Utils.FileUpload
ADDED from src/main/AndroidManifest.xml:466:9-69
	android:name
		ADDED from src/main/AndroidManifest.xml:466:18-67
service#com.enuke.blinder.Utils.PlayAudioService
ADDED from src/main/AndroidManifest.xml:467:9-99
	android:enabled
		ADDED from src/main/AndroidManifest.xml:467:75-97
	android:name
		ADDED from src/main/AndroidManifest.xml:467:18-73
activity#com.facebook.LoginActivity
ADDED from src/main/AndroidManifest.xml:470:9-471:51
	android:screenOrientation
		ADDED from src/main/AndroidManifest.xml:471:13-49
	android:name
		ADDED from src/main/AndroidManifest.xml:470:19-60
meta-data#com.facebook.sdk.ApplicationId
ADDED from src/main/AndroidManifest.xml:472:9-474:54
	android:name
		ADDED from src/main/AndroidManifest.xml:473:13-58
	android:value
		ADDED from src/main/AndroidManifest.xml:474:13-52
receiver#com.enuke.blinder.receiver.GcmMessageBroadcastReceiver
ADDED from src/main/AndroidManifest.xml:477:9-485:20
	android:permission